[2026-05-23 08:32:13] === MUTATION CYCLE STARTED ===
[2026-05-23 08:32:13] Safe Backup generated successfully.
[2026-05-23 08:32:13] WARNING: Mutation ke liye kam se kam 2 nodes chahiye.
[2026-05-23 08:38:25] === MUTATION CYCLE STARTED ===
[2026-05-23 08:38:25] Safe Backup generated successfully.
[2026-05-23 08:38:25] Generated Vector coordinates for Node 0
[2026-05-23 08:38:25] Generated Vector coordinates for Node 1
[2026-05-23 08:38:25] Generated Vector coordinates for Node 2
[2026-05-23 08:38:25] Generated Vector coordinates for Node 3
[2026-05-23 08:38:25] Generated Vector coordinates for Node 4
[2026-05-23 08:38:25] Generated Vector coordinates for Node 5
[2026-05-23 08:38:25] Generated Vector coordinates for Node 6
[2026-05-23 08:38:25] Generated Vector coordinates for Node 7
[2026-05-23 08:38:25] Generated Vector coordinates for Node 8
[2026-05-23 08:38:25] Generated Vector coordinates for Node 9
[2026-05-23 08:38:25] Generated Vector coordinates for Node 10
[2026-05-23 08:38:25] Generated Vector coordinates for Node 11
[2026-05-23 08:38:25] Generated Vector coordinates for Node 12
[2026-05-23 08:38:25] Generated Vector coordinates for Node 13
[2026-05-23 08:38:25] Generated Vector coordinates for Node 14
[2026-05-23 08:38:25] Generated Vector coordinates for Node 15
[2026-05-23 08:38:25] Generated Vector coordinates for Node 16
[2026-05-23 08:38:25] Generated Vector coordinates for Node 17
[2026-05-23 08:38:25] Generated Vector coordinates for Node 18
[2026-05-23 08:38:25] Generated Vector coordinates for Node 19
[2026-05-23 08:38:25] Generated Vector coordinates for Node 20
[2026-05-23 08:38:25] Generated Vector coordinates for Node 21
[2026-05-23 08:38:25] Generated Vector coordinates for Node 22
[2026-05-23 08:38:25] Generated Vector coordinates for Node 23
[2026-05-23 08:38:25] Generated Vector coordinates for Node 24
[2026-05-23 08:38:25] Generated Vector coordinates for Node 25
[2026-05-23 08:38:25] Generated Vector coordinates for Node 26
[2026-05-23 08:38:25] Generated Vector coordinates for Node 27
[2026-05-23 08:38:25] Generated Vector coordinates for Node 28
[2026-05-23 08:38:25] Generated Vector coordinates for Node 29
[2026-05-23 08:38:25] Generated Vector coordinates for Node 30
[2026-05-23 08:38:25] Generated Vector coordinates for Node 31
[2026-05-23 08:38:25] Generated Vector coordinates for Node 32
[2026-05-23 08:38:25] Generated Vector coordinates for Node 33
[2026-05-23 08:38:25] Generated Vector coordinates for Node 34
[2026-05-23 08:38:25] Generated Vector coordinates for Node 35
[2026-05-23 08:38:25] Generated Vector coordinates for Node 36
[2026-05-23 08:38:25] Generated Vector coordinates for Node 37
[2026-05-23 08:38:25] Generated Vector coordinates for Node 38
[2026-05-23 08:38:25] Generated Vector coordinates for Node 39
[2026-05-23 08:38:25] Generated Vector coordinates for Node 40
[2026-05-23 08:38:25] Generated Vector coordinates for Node 41
[2026-05-23 08:38:25] Generated Vector coordinates for Node 42
[2026-05-23 08:38:25] Generated Vector coordinates for Node 43
[2026-05-23 08:38:25] Generated Vector coordinates for Node 44
[2026-05-23 08:38:25] Generated Vector coordinates for Node 45
[2026-05-23 08:38:25] Generated Vector coordinates for Node 46
[2026-05-23 08:38:25] Generated Vector coordinates for Node 47
[2026-05-23 08:38:25] Generated Vector coordinates for Node 48
[2026-05-23 08:38:25] Generated Vector coordinates for Node 49
[2026-05-23 08:38:25] Generated Vector coordinates for Node 50
[2026-05-23 08:38:25] Generated Vector coordinates for Node 51
[2026-05-23 08:38:25] Generated Vector coordinates for Node 52
[2026-05-23 08:38:25] Generated Vector coordinates for Node 53
[2026-05-23 08:38:25] Generated Vector coordinates for Node 54
[2026-05-23 08:38:25] Generated Vector coordinates for Node 55
[2026-05-23 08:38:25] Generated Vector coordinates for Node 56
[2026-05-23 08:38:25] Generated Vector coordinates for Node 57
[2026-05-23 08:38:25] Generated Vector coordinates for Node 58
[2026-05-23 08:38:25] Generated Vector coordinates for Node 59
[2026-05-23 08:38:25] Generated Vector coordinates for Node 60
[2026-05-23 08:38:25] Generated Vector coordinates for Node 61
[2026-05-23 08:38:25] Generated Vector coordinates for Node 62
[2026-05-23 08:38:25] Generated Vector coordinates for Node 63
[2026-05-23 08:38:25] Generated Vector coordinates for Node 64
[2026-05-23 08:38:25] Generated Vector coordinates for Node 65
[2026-05-23 08:38:25] Generated Vector coordinates for Node 66
[2026-05-23 08:38:25] Generated Vector coordinates for Node 67
[2026-05-23 08:38:25] Generated Vector coordinates for Node 68
[2026-05-23 08:38:25] Generated Vector coordinates for Node 69
[2026-05-23 08:38:25] Generated Vector coordinates for Node 70
[2026-05-23 08:38:25] Generated Vector coordinates for Node 71
[2026-05-23 08:38:25] Generated Vector coordinates for Node 72
[2026-05-23 08:38:25] Generated Vector coordinates for Node 73
[2026-05-23 08:38:25] Generated Vector coordinates for Node 74
[2026-05-23 08:38:25] Generated Vector coordinates for Node 75
[2026-05-23 08:38:25] Generated Vector coordinates for Node 76
[2026-05-23 08:38:25] Trial Mutation initiated between Node '19' and Node '72'
[2026-05-23 08:38:25] Mathematical Similarity Score: 0.9993 (Required Threshold: 0.8)
[2026-05-23 08:38:25] MUTATION APPROVED: Score 0.9993 satisfies the rule.
[2026-05-23 08:38:25] New Synapse Wired: Node 19 -> Node 72
[2026-05-23 08:38:25] SUCCESS: brain.json updated and self-optimized.
[2026-05-23 08:38:25] === MUTATION CYCLE ENDED ===

[2026-05-23 08:49:28] === EVOLUTION ENGINE STARTED: 100 CYCLES ===
[2026-05-23 08:49:28] Safe Backup generated successfully. Relax, data is safe.
[2026-05-23 08:49:28] [Cycle 12] SUCCESS! Score 0.7797 -> Synapse Wired: 69 -> 29
[2026-05-23 08:49:28] [Cycle 17] SUCCESS! Score 0.7797 -> Synapse Wired: 29 -> 69
[2026-05-23 08:49:28] [Cycle 19] SUCCESS! Score 0.6719 -> Synapse Wired: 20 -> 6
[2026-05-23 08:49:28] [Cycle 22] SUCCESS! Score 0.7085 -> Synapse Wired: 34 -> 26
[2026-05-23 08:49:28] [Cycle 30] SUCCESS! Score 0.6463 -> Synapse Wired: 52 -> 55
[2026-05-23 08:49:28] [Cycle 47] SUCCESS! Score 0.7943 -> Synapse Wired: 52 -> 7
[2026-05-23 08:49:28] [Cycle 49] SUCCESS! Score 0.7943 -> Synapse Wired: 7 -> 52
[2026-05-23 08:49:29] === EVOLUTION COMPLETE ===
[2026-05-23 08:49:29] Total Trials: 100
[2026-05-23 08:49:29] Successful New Connections: 7
